<?xml version="1.0" encoding="UTF-8"?>
<!-- Generated by org.testng.reporters.JUnitXMLReporter -->
<testsuite ignored="0" hostname="GT0103" failures="0" tests="3" name="practo2" time="97.625" errors="0" timestamp="2024-09-25T12:54:23 IST">
  <testcase classname="TestFiles.PractoTestFile" name="verify_category_list_of_doctors" time="20.325"/>
  <testcase classname="TestFiles.PractoTestFile" name="verify_doctor_details_timeslot_date" time="30.502"/>
  <testcase classname="TestFiles.PractoTestFile" name="verify_filtering" time="27.442"/>
</testsuite> <!-- practo2 -->
