<?xml version="1.0" encoding="UTF-8"?>
<!-- Generated by org.testng.reporters.JUnitXMLReporter -->
<testsuite ignored="0" hostname="GT0103" failures="0" tests="3" name="practo2" time="95.956" errors="0" timestamp="2024-09-26T15:13:37 IST">
  <testcase classname="TestFiles.PractoTestFile" name="verify_category_list_of_doctors" time="19.813"/>
  <testcase classname="TestFiles.PractoTestFile" name="verify_doctor_details_timeslot_date" time="29.965"/>
  <testcase classname="TestFiles.PractoTestFile" name="verify_filtering" time="27.002"/>
</testsuite> <!-- practo2 -->
