<?xml version="1.0" encoding="UTF-8"?>
<!-- Generated by org.testng.reporters.JUnitXMLReporter -->
<testsuite ignored="0" hostname="GT0103" failures="0" tests="3" name="practo3" time="88.958" errors="0" timestamp="2024-09-26T15:15:06 IST">
  <testcase classname="TestFiles.PractoTestFile" name="verify_category_list_of_doctors" time="20.668"/>
  <testcase classname="TestFiles.PractoTestFile" name="verify_doctor_details_timeslot_date" time="29.409"/>
  <testcase classname="TestFiles.PractoTestFile" name="verify_filtering" time="26.469"/>
</testsuite> <!-- practo3 -->
