<?xml version="1.0" encoding="UTF-8"?>
<testng-results ignored="0" total="6" passed="6" failed="0" skipped="0">
  <reporter-output>
  </reporter-output>
  <suite started-at="2024-09-26T15:12:01 IST" name="practo suite1" finished-at="2024-09-26T15:15:06 IST" duration-ms="184960">
    <groups>
    </groups>
    <test started-at="2024-09-26T15:12:01 IST" name="practo2" finished-at="2024-09-26T15:13:37 IST" duration-ms="95956">
      <class name="TestFiles.PractoTestFile">
        <test-method is-config="true" signature="Browser_Setup(java.lang.String)[pri:0, instance:TestFiles.PractoTestFile@3c1e23ff]" started-at="2024-09-26T15:12:01 IST" name="Browser_Setup" finished-at="2024-09-26T15:12:06 IST" duration-ms="4081" status="PASS">
          <params>
            <param index="0">
              <value>
                <![CDATA[edge]]>
              </value>
            </param>
          </params>
          <reporter-output>
          </reporter-output>
        </test-method> <!-- Browser_Setup -->
        <test-method is-config="true" signature="Initializing_Browser()[pri:0, instance:TestFiles.PractoTestFile@3c1e23ff]" started-at="2024-09-26T15:12:06 IST" name="Initializing_Browser" finished-at="2024-09-26T15:12:07 IST" duration-ms="1561" status="PASS">
          <reporter-output>
          </reporter-output>
        </test-method> <!-- Initializing_Browser -->
        <test-method signature="verify_category_list_of_doctors()[pri:1, instance:TestFiles.PractoTestFile@3c1e23ff]" started-at="2024-09-26T15:12:07 IST" name="verify_category_list_of_doctors" finished-at="2024-09-26T15:12:27 IST" duration-ms="19813" status="PASS">
          <reporter-output>
          </reporter-output>
        </test-method> <!-- verify_category_list_of_doctors -->
        <test-method is-config="true" signature="Closing_Browser()[pri:0, instance:TestFiles.PractoTestFile@3c1e23ff]" started-at="2024-09-26T15:12:27 IST" name="Closing_Browser" finished-at="2024-09-26T15:12:28 IST" duration-ms="1389" status="PASS">
          <reporter-output>
          </reporter-output>
        </test-method> <!-- Closing_Browser -->
        <test-method is-config="true" signature="Browser_Setup(java.lang.String)[pri:0, instance:TestFiles.PractoTestFile@3c1e23ff]" started-at="2024-09-26T15:12:28 IST" name="Browser_Setup" finished-at="2024-09-26T15:12:31 IST" duration-ms="2931" status="PASS">
          <params>
            <param index="0">
              <value>
                <![CDATA[edge]]>
              </value>
            </param>
          </params>
          <reporter-output>
          </reporter-output>
        </test-method> <!-- Browser_Setup -->
        <test-method is-config="true" signature="Initializing_Browser()[pri:0, instance:TestFiles.PractoTestFile@3c1e23ff]" started-at="2024-09-26T15:12:31 IST" name="Initializing_Browser" finished-at="2024-09-26T15:12:33 IST" duration-ms="1664" status="PASS">
          <reporter-output>
          </reporter-output>
        </test-method> <!-- Initializing_Browser -->
        <test-method signature="verify_doctor_details_timeslot_date()[pri:2, instance:TestFiles.PractoTestFile@3c1e23ff]" started-at="2024-09-26T15:12:33 IST" name="verify_doctor_details_timeslot_date" finished-at="2024-09-26T15:13:03 IST" duration-ms="29965" status="PASS">
          <reporter-output>
          </reporter-output>
        </test-method> <!-- verify_doctor_details_timeslot_date -->
        <test-method is-config="true" signature="Closing_Browser()[pri:0, instance:TestFiles.PractoTestFile@3c1e23ff]" started-at="2024-09-26T15:13:03 IST" name="Closing_Browser" finished-at="2024-09-26T15:13:04 IST" duration-ms="1385" status="PASS">
          <reporter-output>
          </reporter-output>
        </test-method> <!-- Closing_Browser -->
        <test-method is-config="true" signature="Browser_Setup(java.lang.String)[pri:0, instance:TestFiles.PractoTestFile@3c1e23ff]" started-at="2024-09-26T15:13:04 IST" name="Browser_Setup" finished-at="2024-09-26T15:13:07 IST" duration-ms="3050" status="PASS">
          <params>
            <param index="0">
              <value>
                <![CDATA[edge]]>
              </value>
            </param>
          </params>
          <reporter-output>
          </reporter-output>
        </test-method> <!-- Browser_Setup -->
        <test-method is-config="true" signature="Initializing_Browser()[pri:0, instance:TestFiles.PractoTestFile@3c1e23ff]" started-at="2024-09-26T15:13:07 IST" name="Initializing_Browser" finished-at="2024-09-26T15:13:09 IST" duration-ms="1634" status="PASS">
          <reporter-output>
          </reporter-output>
        </test-method> <!-- Initializing_Browser -->
        <test-method signature="verify_filtering()[pri:3, instance:TestFiles.PractoTestFile@3c1e23ff]" started-at="2024-09-26T15:13:09 IST" name="verify_filtering" finished-at="2024-09-26T15:13:36 IST" duration-ms="27002" status="PASS">
          <reporter-output>
          </reporter-output>
        </test-method> <!-- verify_filtering -->
        <test-method is-config="true" signature="Closing_Browser()[pri:0, instance:TestFiles.PractoTestFile@3c1e23ff]" started-at="2024-09-26T15:13:36 IST" name="Closing_Browser" finished-at="2024-09-26T15:13:37 IST" duration-ms="1425" status="PASS">
          <reporter-output>
          </reporter-output>
        </test-method> <!-- Closing_Browser -->
      </class> <!-- TestFiles.PractoTestFile -->
    </test> <!-- practo2 -->
    <test started-at="2024-09-26T15:13:37 IST" name="practo3" finished-at="2024-09-26T15:15:06 IST" duration-ms="88958">
      <class name="TestFiles.PractoTestFile">
        <test-method is-config="true" signature="report()[pri:0, instance:TestFiles.PractoTestFile@1bd81830]" started-at="2024-09-26T15:12:01 IST" name="report" finished-at="2024-09-26T15:12:01 IST" duration-ms="490" status="PASS">
          <reporter-output>
          </reporter-output>
        </test-method> <!-- report -->
        <test-method is-config="true" signature="Browser_Setup(java.lang.String)[pri:0, instance:TestFiles.PractoTestFile@1bd81830]" started-at="2024-09-26T15:13:37 IST" name="Browser_Setup" finished-at="2024-09-26T15:13:40 IST" duration-ms="2375" status="PASS">
          <params>
            <param index="0">
              <value>
                <![CDATA[chrome]]>
              </value>
            </param>
          </params>
          <reporter-output>
          </reporter-output>
        </test-method> <!-- Browser_Setup -->
        <test-method is-config="true" signature="Initializing_Browser()[pri:0, instance:TestFiles.PractoTestFile@1bd81830]" started-at="2024-09-26T15:13:40 IST" name="Initializing_Browser" finished-at="2024-09-26T15:13:41 IST" duration-ms="1619" status="PASS">
          <reporter-output>
          </reporter-output>
        </test-method> <!-- Initializing_Browser -->
        <test-method signature="verify_category_list_of_doctors()[pri:1, instance:TestFiles.PractoTestFile@1bd81830]" started-at="2024-09-26T15:13:41 IST" name="verify_category_list_of_doctors" finished-at="2024-09-26T15:14:02 IST" duration-ms="20668" status="PASS">
          <reporter-output>
          </reporter-output>
        </test-method> <!-- verify_category_list_of_doctors -->
        <test-method is-config="true" signature="Closing_Browser()[pri:0, instance:TestFiles.PractoTestFile@1bd81830]" started-at="2024-09-26T15:14:02 IST" name="Closing_Browser" finished-at="2024-09-26T15:14:02 IST" duration-ms="297" status="PASS">
          <reporter-output>
          </reporter-output>
        </test-method> <!-- Closing_Browser -->
        <test-method is-config="true" signature="Browser_Setup(java.lang.String)[pri:0, instance:TestFiles.PractoTestFile@1bd81830]" started-at="2024-09-26T15:14:02 IST" name="Browser_Setup" finished-at="2024-09-26T15:14:04 IST" duration-ms="2124" status="PASS">
          <params>
            <param index="0">
              <value>
                <![CDATA[chrome]]>
              </value>
            </param>
          </params>
          <reporter-output>
          </reporter-output>
        </test-method> <!-- Browser_Setup -->
        <test-method is-config="true" signature="Initializing_Browser()[pri:0, instance:TestFiles.PractoTestFile@1bd81830]" started-at="2024-09-26T15:14:04 IST" name="Initializing_Browser" finished-at="2024-09-26T15:14:06 IST" duration-ms="1686" status="PASS">
          <reporter-output>
          </reporter-output>
        </test-method> <!-- Initializing_Browser -->
        <test-method signature="verify_doctor_details_timeslot_date()[pri:2, instance:TestFiles.PractoTestFile@1bd81830]" started-at="2024-09-26T15:14:06 IST" name="verify_doctor_details_timeslot_date" finished-at="2024-09-26T15:14:36 IST" duration-ms="29409" status="PASS">
          <reporter-output>
          </reporter-output>
        </test-method> <!-- verify_doctor_details_timeslot_date -->
        <test-method is-config="true" signature="Closing_Browser()[pri:0, instance:TestFiles.PractoTestFile@1bd81830]" started-at="2024-09-26T15:14:36 IST" name="Closing_Browser" finished-at="2024-09-26T15:14:36 IST" duration-ms="341" status="PASS">
          <reporter-output>
          </reporter-output>
        </test-method> <!-- Closing_Browser -->
        <test-method is-config="true" signature="Browser_Setup(java.lang.String)[pri:0, instance:TestFiles.PractoTestFile@1bd81830]" started-at="2024-09-26T15:14:36 IST" name="Browser_Setup" finished-at="2024-09-26T15:14:38 IST" duration-ms="1954" status="PASS">
          <params>
            <param index="0">
              <value>
                <![CDATA[chrome]]>
              </value>
            </param>
          </params>
          <reporter-output>
          </reporter-output>
        </test-method> <!-- Browser_Setup -->
        <test-method is-config="true" signature="Initializing_Browser()[pri:0, instance:TestFiles.PractoTestFile@1bd81830]" started-at="2024-09-26T15:14:38 IST" name="Initializing_Browser" finished-at="2024-09-26T15:14:40 IST" duration-ms="1692" status="PASS">
          <reporter-output>
          </reporter-output>
        </test-method> <!-- Initializing_Browser -->
        <test-method signature="verify_filtering()[pri:3, instance:TestFiles.PractoTestFile@1bd81830]" started-at="2024-09-26T15:14:40 IST" name="verify_filtering" finished-at="2024-09-26T15:15:06 IST" duration-ms="26469" status="PASS">
          <reporter-output>
          </reporter-output>
        </test-method> <!-- verify_filtering -->
        <test-method is-config="true" signature="Closing_Browser()[pri:0, instance:TestFiles.PractoTestFile@1bd81830]" started-at="2024-09-26T15:15:06 IST" name="Closing_Browser" finished-at="2024-09-26T15:15:06 IST" duration-ms="314" status="PASS">
          <reporter-output>
          </reporter-output>
        </test-method> <!-- Closing_Browser -->
        <test-method is-config="true" signature="saveReport()[pri:0, instance:TestFiles.PractoTestFile@1bd81830]" started-at="2024-09-26T15:15:06 IST" name="saveReport" finished-at="2024-09-26T15:15:07 IST" duration-ms="1109" status="PASS">
          <reporter-output>
          </reporter-output>
        </test-method> <!-- saveReport -->
      </class> <!-- TestFiles.PractoTestFile -->
    </test> <!-- practo3 -->
  </suite> <!-- practo suite1 -->
</testng-results>
