<?xml version="1.0" encoding="UTF-8"?>
<testng-results ignored="0" total="6" passed="6" failed="0" skipped="0">
  <reporter-output>
  </reporter-output>
  <suite started-at="2024-09-25T12:52:45 IST" name="practo suite1" finished-at="2024-09-25T12:55:51 IST" duration-ms="185890">
    <groups>
    </groups>
    <test started-at="2024-09-25T12:52:45 IST" name="practo2" finished-at="2024-09-25T12:54:23 IST" duration-ms="97625">
      <class name="TestFiles.PractoTestFile">
        <test-method is-config="true" signature="Browser_Setup(java.lang.String)[pri:0, instance:TestFiles.PractoTestFile@3c1e23ff]" started-at="2024-09-25T12:52:45 IST" name="Browser_Setup" finished-at="2024-09-25T12:52:49 IST" duration-ms="4195" status="PASS">
          <params>
            <param index="0">
              <value>
                <![CDATA[edge]]>
              </value>
            </param>
          </params>
          <reporter-output>
          </reporter-output>
        </test-method> <!-- Browser_Setup -->
        <test-method is-config="true" signature="Initializing_Browser()[pri:0, instance:TestFiles.PractoTestFile@3c1e23ff]" started-at="2024-09-25T12:52:49 IST" name="Initializing_Browser" finished-at="2024-09-25T12:52:51 IST" duration-ms="1844" status="PASS">
          <reporter-output>
          </reporter-output>
        </test-method> <!-- Initializing_Browser -->
        <test-method signature="verify_category_list_of_doctors()[pri:1, instance:TestFiles.PractoTestFile@3c1e23ff]" started-at="2024-09-25T12:52:51 IST" name="verify_category_list_of_doctors" finished-at="2024-09-25T12:53:12 IST" duration-ms="20325" status="PASS">
          <reporter-output>
          </reporter-output>
        </test-method> <!-- verify_category_list_of_doctors -->
        <test-method is-config="true" signature="Closing_Browser()[pri:0, instance:TestFiles.PractoTestFile@3c1e23ff]" started-at="2024-09-25T12:53:12 IST" name="Closing_Browser" finished-at="2024-09-25T12:53:13 IST" duration-ms="1358" status="PASS">
          <reporter-output>
          </reporter-output>
        </test-method> <!-- Closing_Browser -->
        <test-method is-config="true" signature="Browser_Setup(java.lang.String)[pri:0, instance:TestFiles.PractoTestFile@3c1e23ff]" started-at="2024-09-25T12:53:13 IST" name="Browser_Setup" finished-at="2024-09-25T12:53:16 IST" duration-ms="3052" status="PASS">
          <params>
            <param index="0">
              <value>
                <![CDATA[edge]]>
              </value>
            </param>
          </params>
          <reporter-output>
          </reporter-output>
        </test-method> <!-- Browser_Setup -->
        <test-method is-config="true" signature="Initializing_Browser()[pri:0, instance:TestFiles.PractoTestFile@3c1e23ff]" started-at="2024-09-25T12:53:16 IST" name="Initializing_Browser" finished-at="2024-09-25T12:53:18 IST" duration-ms="1467" status="PASS">
          <reporter-output>
          </reporter-output>
        </test-method> <!-- Initializing_Browser -->
        <test-method signature="verify_doctor_details_timeslot_date()[pri:2, instance:TestFiles.PractoTestFile@3c1e23ff]" started-at="2024-09-25T12:53:18 IST" name="verify_doctor_details_timeslot_date" finished-at="2024-09-25T12:53:48 IST" duration-ms="30502" status="PASS">
          <reporter-output>
          </reporter-output>
        </test-method> <!-- verify_doctor_details_timeslot_date -->
        <test-method is-config="true" signature="Closing_Browser()[pri:0, instance:TestFiles.PractoTestFile@3c1e23ff]" started-at="2024-09-25T12:53:48 IST" name="Closing_Browser" finished-at="2024-09-25T12:53:49 IST" duration-ms="1393" status="PASS">
          <reporter-output>
          </reporter-output>
        </test-method> <!-- Closing_Browser -->
        <test-method is-config="true" signature="Browser_Setup(java.lang.String)[pri:0, instance:TestFiles.PractoTestFile@3c1e23ff]" started-at="2024-09-25T12:53:49 IST" name="Browser_Setup" finished-at="2024-09-25T12:53:53 IST" duration-ms="3073" status="PASS">
          <params>
            <param index="0">
              <value>
                <![CDATA[edge]]>
              </value>
            </param>
          </params>
          <reporter-output>
          </reporter-output>
        </test-method> <!-- Browser_Setup -->
        <test-method is-config="true" signature="Initializing_Browser()[pri:0, instance:TestFiles.PractoTestFile@3c1e23ff]" started-at="2024-09-25T12:53:53 IST" name="Initializing_Browser" finished-at="2024-09-25T12:53:54 IST" duration-ms="1560" status="PASS">
          <reporter-output>
          </reporter-output>
        </test-method> <!-- Initializing_Browser -->
        <test-method signature="verify_filtering()[pri:3, instance:TestFiles.PractoTestFile@3c1e23ff]" started-at="2024-09-25T12:53:54 IST" name="verify_filtering" finished-at="2024-09-25T12:54:22 IST" duration-ms="27442" status="PASS">
          <reporter-output>
          </reporter-output>
        </test-method> <!-- verify_filtering -->
        <test-method is-config="true" signature="Closing_Browser()[pri:0, instance:TestFiles.PractoTestFile@3c1e23ff]" started-at="2024-09-25T12:54:22 IST" name="Closing_Browser" finished-at="2024-09-25T12:54:23 IST" duration-ms="1368" status="PASS">
          <reporter-output>
          </reporter-output>
        </test-method> <!-- Closing_Browser -->
      </class> <!-- TestFiles.PractoTestFile -->
    </test> <!-- practo2 -->
    <test started-at="2024-09-25T12:54:23 IST" name="practo3" finished-at="2024-09-25T12:55:51 IST" duration-ms="88222">
      <class name="TestFiles.PractoTestFile">
        <test-method is-config="true" signature="report()[pri:0, instance:TestFiles.PractoTestFile@1bd81830]" started-at="2024-09-25T12:52:45 IST" name="report" finished-at="2024-09-25T12:52:45 IST" duration-ms="501" status="PASS">
          <reporter-output>
          </reporter-output>
        </test-method> <!-- report -->
        <test-method is-config="true" signature="Browser_Setup(java.lang.String)[pri:0, instance:TestFiles.PractoTestFile@1bd81830]" started-at="2024-09-25T12:54:23 IST" name="Browser_Setup" finished-at="2024-09-25T12:54:25 IST" duration-ms="1946" status="PASS">
          <params>
            <param index="0">
              <value>
                <![CDATA[chrome]]>
              </value>
            </param>
          </params>
          <reporter-output>
          </reporter-output>
        </test-method> <!-- Browser_Setup -->
        <test-method is-config="true" signature="Initializing_Browser()[pri:0, instance:TestFiles.PractoTestFile@1bd81830]" started-at="2024-09-25T12:54:25 IST" name="Initializing_Browser" finished-at="2024-09-25T12:54:26 IST" duration-ms="1572" status="PASS">
          <reporter-output>
          </reporter-output>
        </test-method> <!-- Initializing_Browser -->
        <test-method signature="verify_category_list_of_doctors()[pri:1, instance:TestFiles.PractoTestFile@1bd81830]" started-at="2024-09-25T12:54:26 IST" name="verify_category_list_of_doctors" finished-at="2024-09-25T12:54:47 IST" duration-ms="20705" status="PASS">
          <reporter-output>
          </reporter-output>
        </test-method> <!-- verify_category_list_of_doctors -->
        <test-method is-config="true" signature="Closing_Browser()[pri:0, instance:TestFiles.PractoTestFile@1bd81830]" started-at="2024-09-25T12:54:47 IST" name="Closing_Browser" finished-at="2024-09-25T12:54:47 IST" duration-ms="253" status="PASS">
          <reporter-output>
          </reporter-output>
        </test-method> <!-- Closing_Browser -->
        <test-method is-config="true" signature="Browser_Setup(java.lang.String)[pri:0, instance:TestFiles.PractoTestFile@1bd81830]" started-at="2024-09-25T12:54:47 IST" name="Browser_Setup" finished-at="2024-09-25T12:54:49 IST" duration-ms="1860" status="PASS">
          <params>
            <param index="0">
              <value>
                <![CDATA[chrome]]>
              </value>
            </param>
          </params>
          <reporter-output>
          </reporter-output>
        </test-method> <!-- Browser_Setup -->
        <test-method is-config="true" signature="Initializing_Browser()[pri:0, instance:TestFiles.PractoTestFile@1bd81830]" started-at="2024-09-25T12:54:49 IST" name="Initializing_Browser" finished-at="2024-09-25T12:54:51 IST" duration-ms="1563" status="PASS">
          <reporter-output>
          </reporter-output>
        </test-method> <!-- Initializing_Browser -->
        <test-method signature="verify_doctor_details_timeslot_date()[pri:2, instance:TestFiles.PractoTestFile@1bd81830]" started-at="2024-09-25T12:54:51 IST" name="verify_doctor_details_timeslot_date" finished-at="2024-09-25T12:55:20 IST" duration-ms="29476" status="PASS">
          <reporter-output>
          </reporter-output>
        </test-method> <!-- verify_doctor_details_timeslot_date -->
        <test-method is-config="true" signature="Closing_Browser()[pri:0, instance:TestFiles.PractoTestFile@1bd81830]" started-at="2024-09-25T12:55:20 IST" name="Closing_Browser" finished-at="2024-09-25T12:55:21 IST" duration-ms="303" status="PASS">
          <reporter-output>
          </reporter-output>
        </test-method> <!-- Closing_Browser -->
        <test-method is-config="true" signature="Browser_Setup(java.lang.String)[pri:0, instance:TestFiles.PractoTestFile@1bd81830]" started-at="2024-09-25T12:55:21 IST" name="Browser_Setup" finished-at="2024-09-25T12:55:23 IST" duration-ms="2034" status="PASS">
          <params>
            <param index="0">
              <value>
                <![CDATA[chrome]]>
              </value>
            </param>
          </params>
          <reporter-output>
          </reporter-output>
        </test-method> <!-- Browser_Setup -->
        <test-method is-config="true" signature="Initializing_Browser()[pri:0, instance:TestFiles.PractoTestFile@1bd81830]" started-at="2024-09-25T12:55:23 IST" name="Initializing_Browser" finished-at="2024-09-25T12:55:24 IST" duration-ms="1503" status="PASS">
          <reporter-output>
          </reporter-output>
        </test-method> <!-- Initializing_Browser -->
        <test-method signature="verify_filtering()[pri:3, instance:TestFiles.PractoTestFile@1bd81830]" started-at="2024-09-25T12:55:24 IST" name="verify_filtering" finished-at="2024-09-25T12:55:51 IST" duration-ms="26703" status="PASS">
          <reporter-output>
          </reporter-output>
        </test-method> <!-- verify_filtering -->
        <test-method is-config="true" signature="Closing_Browser()[pri:0, instance:TestFiles.PractoTestFile@1bd81830]" started-at="2024-09-25T12:55:51 IST" name="Closing_Browser" finished-at="2024-09-25T12:55:51 IST" duration-ms="292" status="PASS">
          <reporter-output>
          </reporter-output>
        </test-method> <!-- Closing_Browser -->
        <test-method is-config="true" signature="saveReport()[pri:0, instance:TestFiles.PractoTestFile@1bd81830]" started-at="2024-09-25T12:55:51 IST" name="saveReport" finished-at="2024-09-25T12:55:52 IST" duration-ms="1116" status="PASS">
          <reporter-output>
          </reporter-output>
        </test-method> <!-- saveReport -->
      </class> <!-- TestFiles.PractoTestFile -->
    </test> <!-- practo3 -->
  </suite> <!-- practo suite1 -->
</testng-results>
